<?xml version="1.0" encoding="UTF-8"?>
<testsuite xmlns:xsi="http://www.w3.org/2001/XMLSchema-instance" xsi:noNamespaceSchemaLocation="https://maven.apache.org/surefire/maven-surefire-plugin/xsd/surefire-test-report-3.0.xsd" version="3.0" name="com.armasDS.ArmasDsApplicationTests" time="25.536" tests="1" errors="0" skipped="0" failures="0">
  <properties>
[...]
</properties>
  <testcase name="contextLoads" classname="com.armasDS.ArmasDsApplicationTests" time="1.22">
    <system-out><![CDATA[01:56:58.338 [main] INFO org.springframework.test.context.support.AnnotationConfigContextLoaderUtils -- Could not detect default configuration classes for test class [com.armasDS.ArmasDsApplicationTests]: ArmasDsApplicationTests does not declare any static, non-private, non-final, nested classes annotated with @Configuration.
01:56:58.647 [main] INFO org.springframework.boot.test.context.SpringBootTestContextBootstrapper -- Found @SpringBootConfiguration com.armasDS.ArmasDsApplication for test class com.armasDS.ArmasDsApplicationTests
01:56:59.221 [main] INFO org.springframework.boot.devtools.restart.RestartApplicationListener -- Restart disabled due to context in which it is running
  ____              _        _                                       _    ____ ___ 
 / ___|  ___  _   _| |___   / \   _ __ _ __ ___   ___  _ __ _   _   / \  |  _ \_ _|
 \___ \ / _ \| | | | / __| / _ \ | '__| '_ ` _ \ / _ \| '__| | | | / _ \ | |_) | | 
  ___) | (_) | |_| | \__ \/ ___ \| |  | | | | | | (_) | |  | |_| |/ ___ \|  __/| | 
 |____/ \___/ \__,_|_|___/_/   \_\_|  |_| |_| |_|\___/|_|   \__, /_/   \_\_|  |___|
                                                            |___/                  
2024-09-20T01:57:00.165-03:00  INFO 8616 --- [armasDS] [           main] com.armasDS.ArmasDsApplicationTests      : Starting ArmasDsApplicationTests using Java 17.0.11 with PID 8616 (started by acost in C:\Users\acost\OneDrive\Desktop\Prog\API\armasDS)
2024-09-20T01:57:00.169-03:00  INFO 8616 --- [armasDS] [           main] com.armasDS.ArmasDsApplicationTests      : The following 1 profile is active: "dev"
2024-09-20T01:57:05.055-03:00  INFO 8616 --- [armasDS] [           main] .s.d.r.c.RepositoryConfigurationDelegate : Bootstrapping Spring Data JPA repositories in DEFAULT mode.
2024-09-20T01:57:05.281-03:00  INFO 8616 --- [armasDS] [           main] .s.d.r.c.RepositoryConfigurationDelegate : Finished Spring Data repository scanning in 197 ms. Found 1 JPA repository interface.
2024-09-20T01:57:07.299-03:00  INFO 8616 --- [armasDS] [           main] o.hibernate.jpa.internal.util.LogHelper  : HHH000204: Processing PersistenceUnitInfo [name: default]
2024-09-20T01:57:07.680-03:00  INFO 8616 --- [armasDS] [           main] org.hibernate.Version                    : HHH000412: Hibernate ORM core version 6.5.2.Final
2024-09-20T01:57:07.838-03:00  INFO 8616 --- [armasDS] [           main] o.h.c.internal.RegionFactoryInitiator    : HHH000026: Second-level cache disabled
2024-09-20T01:57:09.265-03:00  INFO 8616 --- [armasDS] [           main] o.s.o.j.p.SpringPersistenceUnitInfo      : No LoadTimeWeaver setup: ignoring JPA class transformer
2024-09-20T01:57:09.361-03:00  INFO 8616 --- [armasDS] [           main] com.zaxxer.hikari.HikariDataSource       : HikariPool-1 - Starting...
2024-09-20T01:57:10.164-03:00  INFO 8616 --- [armasDS] [           main] com.zaxxer.hikari.pool.HikariPool        : HikariPool-1 - Added connection com.mysql.cj.jdbc.ConnectionImpl@521a506c
2024-09-20T01:57:10.170-03:00  INFO 8616 --- [armasDS] [           main] com.zaxxer.hikari.HikariDataSource       : HikariPool-1 - Start completed.
2024-09-20T01:57:10.352-03:00  WARN 8616 --- [armasDS] [           main] org.hibernate.orm.deprecation            : HHH90000025: MySQLDialect does not need to be specified explicitly using 'hibernate.dialect' (remove the property setting and it will be selected by default)
2024-09-20T01:57:13.844-03:00  INFO 8616 --- [armasDS] [           main] o.h.e.t.j.p.i.JtaPlatformInitiator       : HHH000489: No JTA platform available (set 'hibernate.transaction.jta.platform' to enable JTA platform integration)
2024-09-20T01:57:14.047-03:00  INFO 8616 --- [armasDS] [           main] j.LocalContainerEntityManagerFactoryBean : Initialized JPA EntityManagerFactory for persistence unit 'default'
2024-09-20T01:57:17.137-03:00  WARN 8616 --- [armasDS] [           main] JpaBaseConfiguration$JpaWebConfiguration : spring.jpa.open-in-view is enabled by default. Therefore, database queries may be performed during view rendering. Explicitly configure spring.jpa.open-in-view to disable this warning
2024-09-20T01:57:17.219-03:00  INFO 8616 --- [armasDS] [           main] o.s.b.a.w.s.WelcomePageHandlerMapping    : Adding welcome page template: index
2024-09-20T01:57:22.130-03:00  INFO 8616 --- [armasDS] [           main] com.armasDS.ArmasDsApplicationTests      : Started ArmasDsApplicationTests in 22.953 seconds (process running for 26.021)
]]></system-out>
  </testcase>
</testsuite>